This is pdfTeX, Version 3.141592653-2.6-1.40.25 (MiKTeX 24.1) (preloaded format=pdflatex 2025.4.27)  4 JUN 2025 20:06
entering extended mode
 restricted \write18 enabled.
 %&-line parsing enabled.
**./theory.tex
(theory.tex
LaTeX2e <2023-11-01> patch level 1
L3 programming layer <2024-01-04>
(C:\Users\Aviral Verma\AppData\Local\Programs\MiKTeX\tex/latex/base\report.cls
Document Class: report 2023/05/17 v1.4n Standard LaTeX document class
(C:\Users\Aviral Verma\AppData\Local\Programs\MiKTeX\tex/latex/base\size10.clo
File: size10.clo 2023/05/17 v1.4n Standard LaTeX file (size option)
)
\c@part=\count187
\c@chapter=\count188
\c@section=\count189
\c@subsection=\count190
\c@subsubsection=\count191
\c@paragraph=\count192
\c@subparagraph=\count193
\c@figure=\count194
\c@table=\count195
\abovecaptionskip=\skip48
\belowcaptionskip=\skip49
\bibindent=\dimen140
)
(C:\Users\Aviral Verma\AppData\Local\Programs\MiKTeX\tex/latex/base\inputenc.st
y
Package: inputenc 2021/02/14 v1.3d Input encoding file
\inpenc@prehook=\toks17
\inpenc@posthook=\toks18
)
(C:\Users\Aviral Verma\AppData\Local\Programs\MiKTeX\tex/latex/base\fontenc.sty
Package: fontenc 2021/04/29 v2.0v Standard LaTeX package
)
(C:\Users\Aviral Verma\AppData\Local\Programs\MiKTeX\tex/latex/mathtools\mathto
ols.sty
Package: mathtools 2024/10/04 v1.31 mathematical typesetting tools

(C:\Users\Aviral Verma\AppData\Local\Programs\MiKTeX\tex/latex/graphics\keyval.
sty
Package: keyval 2022/05/29 v1.15 key=value parser (DPC)
\KV@toks@=\toks19
)
(C:\Users\Aviral Verma\AppData\Local\Programs\MiKTeX\tex/latex/tools\calc.sty
Package: calc 2023/07/08 v4.3 Infix arithmetic (KKT,FJ)
\calc@Acount=\count196
\calc@Bcount=\count197
\calc@Adimen=\dimen141
\calc@Bdimen=\dimen142
\calc@Askip=\skip50
\calc@Bskip=\skip51
LaTeX Info: Redefining \setlength on input line 80.
LaTeX Info: Redefining \addtolength on input line 81.
\calc@Ccount=\count198
\calc@Cskip=\skip52
)
(C:\Users\Aviral Verma\AppData\Local\Programs\MiKTeX\tex/latex/mathtools\mhsetu
p.sty
Package: mhsetup 2021/03/18 v1.4 programming setup (MH)
)
(C:\Users\Aviral Verma\AppData\Local\Programs\MiKTeX\tex/latex/amsmath\amsmath.
sty
Package: amsmath 2023/05/13 v2.17o AMS math features
\@mathmargin=\skip53

For additional information on amsmath, use the `?' option.

(C:\Users\Aviral Verma\AppData\Local\Programs\MiKTeX\tex/latex/amsmath\amstext.
sty
Package: amstext 2021/08/26 v2.01 AMS text

(C:\Users\Aviral Verma\AppData\Local\Programs\MiKTeX\tex/latex/amsmath\amsgen.s
ty
File: amsgen.sty 1999/11/30 v2.0 generic functions
\@emptytoks=\toks20
\ex@=\dimen143
))
(C:\Users\Aviral Verma\AppData\Local\Programs\MiKTeX\tex/latex/amsmath\amsbsy.s
ty
Package: amsbsy 1999/11/29 v1.2d Bold Symbols
\pmbraise@=\dimen144
)
(C:\Users\Aviral Verma\AppData\Local\Programs\MiKTeX\tex/latex/amsmath\amsopn.s
ty
Package: amsopn 2022/04/08 v2.04 operator names
)
\inf@bad=\count199
LaTeX Info: Redefining \frac on input line 234.
\uproot@=\count266
\leftroot@=\count267
LaTeX Info: Redefining \overline on input line 399.
LaTeX Info: Redefining \colon on input line 410.
\classnum@=\count268
\DOTSCASE@=\count269
LaTeX Info: Redefining \ldots on input line 496.
LaTeX Info: Redefining \dots on input line 499.
LaTeX Info: Redefining \cdots on input line 620.
\Mathstrutbox@=\box51
\strutbox@=\box52
LaTeX Info: Redefining \big on input line 722.
LaTeX Info: Redefining \Big on input line 723.
LaTeX Info: Redefining \bigg on input line 724.
LaTeX Info: Redefining \Bigg on input line 725.
\big@size=\dimen145
LaTeX Font Info:    Redeclaring font encoding OML on input line 743.
LaTeX Font Info:    Redeclaring font encoding OMS on input line 744.
\macc@depth=\count270
LaTeX Info: Redefining \bmod on input line 905.
LaTeX Info: Redefining \pmod on input line 910.
LaTeX Info: Redefining \smash on input line 940.
LaTeX Info: Redefining \relbar on input line 970.
LaTeX Info: Redefining \Relbar on input line 971.
\c@MaxMatrixCols=\count271
\dotsspace@=\muskip16
\c@parentequation=\count272
\dspbrk@lvl=\count273
\tag@help=\toks21
\row@=\count274
\column@=\count275
\maxfields@=\count276
\andhelp@=\toks22
\eqnshift@=\dimen146
\alignsep@=\dimen147
\tagshift@=\dimen148
\tagwidth@=\dimen149
\totwidth@=\dimen150
\lineht@=\dimen151
\@envbody=\toks23
\multlinegap=\skip54
\multlinetaggap=\skip55
\mathdisplay@stack=\toks24
LaTeX Info: Redefining \[ on input line 2953.
LaTeX Info: Redefining \] on input line 2954.
)
\g_MT_multlinerow_int=\count277
\l_MT_multwidth_dim=\dimen152
\origjot=\skip56
\l_MT_shortvdotswithinadjustabove_dim=\dimen153
\l_MT_shortvdotswithinadjustbelow_dim=\dimen154
\l_MT_above_intertext_sep=\dimen155
\l_MT_below_intertext_sep=\dimen156
\l_MT_above_shortintertext_sep=\dimen157
\l_MT_below_shortintertext_sep=\dimen158
\xmathstrut@box=\box53
\xmathstrut@dim=\dimen159
)
(C:\Users\Aviral Verma\AppData\Local\Programs\MiKTeX\tex/latex/esdiff\esdiff.st
y
Package: esdiff 
)
(C:\Users\Aviral Verma\AppData\Local\Programs\MiKTeX\tex/latex/graphics\graphic
x.sty
Package: graphicx 2021/09/16 v1.2d Enhanced LaTeX Graphics (DPC,SPQR)

(C:\Users\Aviral Verma\AppData\Local\Programs\MiKTeX\tex/latex/graphics\graphic
s.sty
Package: graphics 2022/03/10 v1.4e Standard LaTeX Graphics (DPC,SPQR)

(C:\Users\Aviral Verma\AppData\Local\Programs\MiKTeX\tex/latex/graphics\trig.st
y
Package: trig 2021/08/11 v1.11 sin cos tan (DPC)
)
(C:\Users\Aviral Verma\AppData\Local\Programs\MiKTeX\tex/latex/graphics-cfg\gra
phics.cfg
File: graphics.cfg 2016/06/04 v1.11 sample graphics configuration
)
Package graphics Info: Driver file: pdftex.def on input line 107.

(C:\Users\Aviral Verma\AppData\Local\Programs\MiKTeX\tex/latex/graphics-def\pdf
tex.def
File: pdftex.def 2022/09/22 v1.2b Graphics/color driver for pdftex
))
\Gin@req@height=\dimen160
\Gin@req@width=\dimen161
)
(C:\Users\Aviral Verma\AppData\Local\Programs\MiKTeX\tex/latex/stackengine\stac
kengine.sty
Package: stackengine 2021/07/22 v4.11\ Stacking text and objects in convenient 
ways

(C:\Users\Aviral Verma\AppData\Local\Programs\MiKTeX\tex/latex/etoolbox\etoolbo
x.sty
Package: etoolbox 2020/10/05 v2.5k e-TeX tools for LaTeX (JAW)
\etb@tempcnta=\count278
)
(C:\Users\Aviral Verma\AppData\Local\Programs\MiKTeX\tex/latex/listofitems\list
ofitems.sty
(C:\Users\Aviral Verma\AppData\Local\Programs\MiKTeX\tex/generic/listofitems\li
stofitems.tex
\loi_cnt_foreach_nest=\count279
\loi_nestcnt=\count280
)
Package: listofitems 2024/03/09 v1.65 Grab items in lists using user-specified 
sep char (CT)
)
\c@@stackindex=\count281
\@boxshift=\skip57
\stack@tmplength=\skip58
\temp@stkl=\skip59
\@stackedboxwidth=\skip60
\@addedbox=\box54
\@anchorbox=\box55
\@insetbox=\box56
\se@backgroundbox=\box57
\stackedbox=\box58
\@centerbox=\box59
\c@ROWcellindex@=\count282
)
(C:\Users\Aviral Verma\AppData\Local\Programs\MiKTeX\tex/latex/amsfonts\amssymb
.sty
Package: amssymb 2013/01/14 v3.01 AMS font symbols

(C:\Users\Aviral Verma\AppData\Local\Programs\MiKTeX\tex/latex/amsfonts\amsfont
s.sty
Package: amsfonts 2013/01/14 v3.01 Basic AMSFonts support
\symAMSa=\mathgroup4
\symAMSb=\mathgroup5
LaTeX Font Info:    Redeclaring math symbol \hbar on input line 98.
LaTeX Font Info:    Overwriting math alphabet `\mathfrak' in version `bold'
(Font)                  U/euf/m/n --> U/euf/b/n on input line 106.
))
(C:\Users\Aviral Verma\AppData\Local\Programs\MiKTeX\tex/latex/multirow\multiro
w.sty
Package: multirow 2024/11/12 v2.9 Span multiple rows of a table
\multirow@colwidth=\skip61
\multirow@cntb=\count283
\multirow@dima=\skip62
\bigstrutjot=\dimen162
)
(C:\Users\Aviral Verma\AppData\Local\Programs\MiKTeX\tex/latex/l3backend\l3back
end-pdftex.def
File: l3backend-pdftex.def 2024-01-04 L3 backend support: PDF output (pdfTeX)
\l__color_backend_stack_int=\count284
\l__pdf_internal_box=\box60
) (theory.aux)
\openout1 = `theory.aux'.

LaTeX Font Info:    Checking defaults for OML/cmm/m/it on input line 15.
LaTeX Font Info:    ... okay on input line 15.
LaTeX Font Info:    Checking defaults for OMS/cmsy/m/n on input line 15.
LaTeX Font Info:    ... okay on input line 15.
LaTeX Font Info:    Checking defaults for OT1/cmr/m/n on input line 15.
LaTeX Font Info:    ... okay on input line 15.
LaTeX Font Info:    Checking defaults for T1/cmr/m/n on input line 15.
LaTeX Font Info:    ... okay on input line 15.
LaTeX Font Info:    Checking defaults for TS1/cmr/m/n on input line 15.
LaTeX Font Info:    ... okay on input line 15.
LaTeX Font Info:    Checking defaults for OMX/cmex/m/n on input line 15.
LaTeX Font Info:    ... okay on input line 15.
LaTeX Font Info:    Checking defaults for U/cmr/m/n on input line 15.
LaTeX Font Info:    ... okay on input line 15.

(C:\Users\Aviral Verma\AppData\Local\Programs\MiKTeX\tex/context/base/mkii\supp
-pdf.mkii
[Loading MPS to PDF converter (version 2006.09.02).]
\scratchcounter=\count285
\scratchdimen=\dimen163
\scratchbox=\box61
\nofMPsegments=\count286
\nofMParguments=\count287
\everyMPshowfont=\toks25
\MPscratchCnt=\count288
\MPscratchDim=\dimen164
\MPnumerator=\count289
\makeMPintoPDFobject=\count290
\everyMPtoPDFconversion=\toks26
)
(C:\Users\Aviral Verma\AppData\Local\Programs\MiKTeX\tex/latex/epstopdf-pkg\eps
topdf-base.sty
Package: epstopdf-base 2020-01-24 v2.11 Base part for package epstopdf
Package epstopdf-base Info: Redefining graphics rule for `.eps' on input line 4
85.

(C:\Users\Aviral Verma\AppData\Local\Programs\MiKTeX\tex/latex/00miktex\epstopd
f-sys.cfg
File: epstopdf-sys.cfg 2021/03/18 v2.0 Configuration of epstopdf for MiKTeX
))
Chapter 4.
LaTeX Font Info:    Trying to load font information for U+msa on input line 20.


(C:\Users\Aviral Verma\AppData\Local\Programs\MiKTeX\tex/latex/amsfonts\umsa.fd
File: umsa.fd 2013/01/14 v3.01 AMS symbols A
)
LaTeX Font Info:    Trying to load font information for U+msb on input line 20.


(C:\Users\Aviral Verma\AppData\Local\Programs\MiKTeX\tex/latex/amsfonts\umsb.fd
File: umsb.fd 2013/01/14 v3.01 AMS symbols B
)
Underfull \hbox (badness 10000) in paragraph at lines 20--30

 []


Overfull \hbox (0.6512pt too wide) in paragraph at lines 32--48
\T1/cmr/m/n/10 (a) $\OML/cmm/m/it/10 E\OT1/cmr/m/n/10 (\OML/cmm/m/it/10 ag[]\OT
1/cmr/m/n/10 (\OML/cmm/m/it/10 X; Y\OT1/cmr/m/n/10 ) + \OML/cmm/m/it/10 bg[]\OT
1/cmr/m/n/10 (\OML/cmm/m/it/10 X; Y\OT1/cmr/m/n/10 ) + \OML/cmm/m/it/10 c\OT1/c
mr/m/n/10 ) = [][] [][](\OML/cmm/m/it/10 ag[]\OT1/cmr/m/n/10 (\OML/cmm/m/it/10 
X; Y\OT1/cmr/m/n/10 ) + \OML/cmm/m/it/10 bg[]\OT1/cmr/m/n/10 (\OML/cmm/m/it/10 
X; Y\OT1/cmr/m/n/10 ) + \OML/cmm/m/it/10 c\OT1/cmr/m/n/10 )\OML/cmm/m/it/10 f[]
dxdy$ 
 []


Overfull \hbox (62.49786pt too wide) in paragraph at lines 32--48
\OT1/cmr/m/n/10 = [][] [][] \OML/cmm/m/it/10 ag[]\OT1/cmr/m/n/10 (\OML/cmm/m/it
/10 X; Y\OT1/cmr/m/n/10 )\OML/cmm/m/it/10 f[]dxdy \OT1/cmr/m/n/10 + [][] [][] \
OML/cmm/m/it/10 bg[]\OT1/cmr/m/n/10 (\OML/cmm/m/it/10 X; Y\OT1/cmr/m/n/10 )\OML
/cmm/m/it/10 f[]dxdy \OT1/cmr/m/n/10 + [][] [][] \OML/cmm/m/it/10 cg[]\OT1/cmr/
m/n/10 (\OML/cmm/m/it/10 X; Y\OT1/cmr/m/n/10 )\OML/cmm/m/it/10 f[]dxdy$ 
 []


Underfull \hbox (badness 10000) in paragraph at lines 32--48

 []


Underfull \hbox (badness 10000) in paragraph at lines 50--52

 []

[1


{C:/Users/Aviral Verma/AppData/Local/MiKTeX/fonts/map/pdftex/pdftex.map}]
Underfull \hbox (badness 10000) in paragraph at lines 74--78

 []


Underfull \hbox (badness 10000) in paragraph at lines 80--84

 []


Underfull \hbox (badness 10000) in paragraph at lines 86--92

 []


Underfull \hbox (badness 10000) in paragraph at lines 94--98

 []

[2]
Underfull \hbox (badness 10000) in paragraph at lines 118--126

 []


Overfull \hbox (46.43304pt too wide) in paragraph at lines 128--142
[] 
 []


Underfull \hbox (badness 10000) in paragraph at lines 128--142

 []


Underfull \hbox (badness 10000) in paragraph at lines 144--146

 []


Underfull \hbox (badness 10000) in paragraph at lines 148--160

 []


Underfull \hbox (badness 10000) in paragraph at lines 162--172

 []

[3]
Underfull \hbox (badness 10000) in paragraph at lines 174--180

 []


Underfull \hbox (badness 10000) in paragraph at lines 182--192

 []


Underfull \hbox (badness 10000) in paragraph at lines 194--218

 []


Underfull \hbox (badness 10000) in paragraph at lines 219--225

 []

[4]
Underfull \hbox (badness 10000) in paragraph at lines 226--232

 []


Underfull \hbox (badness 10000) in paragraph at lines 233--245

 []


Underfull \hbox (badness 10000) in paragraph at lines 247--267

 []


Underfull \hbox (badness 10000) in paragraph at lines 269--285

 []

[5]
Underfull \hbox (badness 10000) in paragraph at lines 287--295

 []


Underfull \hbox (badness 10000) in paragraph at lines 297--309

 []


Underfull \hbox (badness 10000) in paragraph at lines 310--326

 []

[6]
Underfull \hbox (badness 10000) in paragraph at lines 327--335

 []


Underfull \hbox (badness 10000) in paragraph at lines 344--352

 []


Underfull \hbox (badness 10000) in paragraph at lines 353--369

 []

[7]
Underfull \hbox (badness 10000) in paragraph at lines 386--404

 []


Underfull \hbox (badness 10000) in paragraph at lines 405--415

 []


Underfull \hbox (badness 10000) in paragraph at lines 416--430

 []

[8]
Underfull \hbox (badness 10000) in paragraph at lines 441--449

 []


Underfull \hbox (badness 10000) in paragraph at lines 450--458

 []

[9]
Underfull \hbox (badness 10000) in paragraph at lines 495--497

 []


Underfull \hbox (badness 10000) in paragraph at lines 498--506

 []


Overfull \hbox (0.20515pt too wide) in paragraph at lines 507--519
\OML/cmm/m/it/10 f\OT1/cmr/m/n/10 (\OML/cmm/m/it/10 x[]\OT1/cmr/m/n/10 ) = []\O
ML/cmm/m/it/10 p[]\OT1/cmr/m/n/10 (1 \OMS/cmsy/m/n/10 ^^@ \OML/cmm/m/it/10 p[]\
OT1/cmr/m/n/10 )[] [][] [][][]\OML/cmm/m/it/10 :::[][]$ \T1/cmr/m/n/10 the
 []


Overfull \hbox (1.6898pt too wide) in paragraph at lines 507--519
\OML/cmm/m/it/10 f\OT1/cmr/m/n/10 (\OML/cmm/m/it/10 x[]; x[]\OT1/cmr/m/n/10 ) =
 []\OML/cmm/m/it/10 p[]\OT1/cmr/m/n/10 (1 \OMS/cmsy/m/n/10 ^^@ \OML/cmm/m/it/10
 p[]\OT1/cmr/m/n/10 )[][] [][] [][]$ 
 []


Underfull \hbox (badness 10000) in paragraph at lines 507--519

 []


Underfull \hbox (badness 10000) in paragraph at lines 520--524

 []

[10]
Underfull \hbox (badness 10000) in paragraph at lines 525--531

 []


Underfull \hbox (badness 10000) in paragraph at lines 532--536

 []


Underfull \hbox (badness 10000) in paragraph at lines 537--541

 []


Underfull \hbox (badness 10000) in paragraph at lines 542--544

 []


Underfull \hbox (badness 10000) in paragraph at lines 545--551

 []


Underfull \hbox (badness 10000) in paragraph at lines 552--560

 []

[11]
Underfull \hbox (badness 10000) in paragraph at lines 561--582

 []


Overfull \hbox (11.27336pt too wide) in paragraph at lines 585--595
\T1/cmr/m/n/10 (d) Take any ran-dom bi-no-mial say $\OML/cmm/m/it/10 f[] \OMS/c
msy/m/n/10 ^^X \OML/cmm/m/it/10 binomial\OT1/cmr/m/n/10 (\OML/cmm/m/it/10 n; p[
]\OT1/cmr/m/n/10 )\OML/cmm/m/it/10 ; f[] \OMS/cmsy/m/n/10 ^^X \OML/cmm/m/it/10 
binomial\OT1/cmr/m/n/10 (\OML/cmm/m/it/10 n; p[]\OT1/cmr/m/n/10 )\OML/cmm/m/it/
10 ; g[] \OMS/cmsy/m/n/10 ^^X
 []


Underfull \hbox (badness 10000) in paragraph at lines 585--595

 []


Underfull \hbox (badness 10000) in paragraph at lines 596--598

 []


Underfull \hbox (badness 10000) in paragraph at lines 599--624

 []

[12]
Underfull \hbox (badness 10000) in paragraph at lines 625--633

 []


Underfull \hbox (badness 10000) in paragraph at lines 634--636

 []


Underfull \hbox (badness 10000) in paragraph at lines 637--641

 []


Underfull \hbox (badness 10000) in paragraph at lines 642--648

 []

[13] (theory.aux)
 ***********
LaTeX2e <2023-11-01> patch level 1
L3 programming layer <2024-01-04>
 ***********
 ) 
Here is how much of TeX's memory you used:
 4180 strings out of 474486
 63424 string characters out of 5740415
 1939542 words of memory out of 5000000
 26427 multiletter control sequences out of 15000+600000
 568268 words of font info for 55 fonts, out of 8000000 for 9000
 1141 hyphenation exceptions out of 8191
 70i,10n,79p,317b,136s stack positions out of 10000i,1000n,20000p,200000b,200000s
 <C:\Users\Aviral Verma\AppData\Local\MiKTeX\fonts/pk/ljfour/jknappen/ec/dpi6
00\ecrm0700.pk> <C:\Users\Aviral Verma\AppData\Local\MiKTeX\fonts/pk/ljfour/jkn
appen/ec/dpi600\ecrm1000.pk> <C:\Users\Aviral Verma\AppData\Local\MiKTeX\fonts/
pk/ljfour/jknappen/ec/dpi600\ecbx1440.pk> <C:\Users\Aviral Verma\AppData\Local\
MiKTeX\fonts/pk/ljfour/jknappen/ec/dpi600\ecbx2488.pk> <C:\Users\Aviral Verma\A
ppData\Local\MiKTeX\fonts/pk/ljfour/jknappen/ec/dpi600\ecbx2074.pk><C:/Users/Av
iral Verma/AppData/Local/Programs/MiKTeX/fonts/type1/public/amsfonts/cm/cmex10.
pfb><C:/Users/Aviral Verma/AppData/Local/Programs/MiKTeX/fonts/type1/public/ams
fonts/cmextra/cmex7.pfb><C:/Users/Aviral Verma/AppData/Local/Programs/MiKTeX/fo
nts/type1/public/amsfonts/cm/cmmi10.pfb><C:/Users/Aviral Verma/AppData/Local/Pr
ograms/MiKTeX/fonts/type1/public/amsfonts/cm/cmmi5.pfb><C:/Users/Aviral Verma/A
ppData/Local/Programs/MiKTeX/fonts/type1/public/amsfonts/cm/cmmi7.pfb><C:/Users
/Aviral Verma/AppData/Local/Programs/MiKTeX/fonts/type1/public/amsfonts/cm/cmr1
0.pfb><C:/Users/Aviral Verma/AppData/Local/Programs/MiKTeX/fonts/type1/public/a
msfonts/cm/cmr5.pfb><C:/Users/Aviral Verma/AppData/Local/Programs/MiKTeX/fonts/
type1/public/amsfonts/cm/cmr7.pfb><C:/Users/Aviral Verma/AppData/Local/Programs
/MiKTeX/fonts/type1/public/amsfonts/cm/cmsy10.pfb><C:/Users/Aviral Verma/AppDat
a/Local/Programs/MiKTeX/fonts/type1/public/amsfonts/cm/cmsy5.pfb><C:/Users/Avir
al Verma/AppData/Local/Programs/MiKTeX/fonts/type1/public/amsfonts/cm/cmsy7.pfb
><C:/Users/Aviral Verma/AppData/Local/Programs/MiKTeX/fonts/type1/public/amsfon
ts/symbols/msam10.pfb>
Output written on theory.pdf (13 pages, 225044 bytes).
PDF statistics:
 240 PDF objects out of 1000 (max. 8388607)
 0 named destinations out of 1000 (max. 500000)
 1 words of extra memory for PDF output out of 10000 (max. 10000000)

